TN:
SF:src/constants/routes.js
FN:13,(anonymous_0)
FNF:1
FNH:1
FNDA:20,(anonymous_0)
DA:6,6
DA:13,6
DA:14,20
DA:16,4
DA:18,7
DA:20,3
DA:22,5
DA:24,1
LF:8
LH:8
BRDA:14,0,0,4
BRDA:14,0,1,7
BRDA:14,0,2,3
BRDA:14,0,3,5
BRDA:14,0,4,1
BRF:5
BRH:5
end_of_record
TN:
SF:src/constants/usersTest.js
FNF:0
FNH:0
LF:0
LH:0
BRF:0
BRH:0
end_of_record
TN:
SF:src/containers/Bills.js
FN:6,(anonymous_0)
FN:13,(anonymous_1)
FN:14,(anonymous_2)
FN:19,(anonymous_3)
FN:23,(anonymous_4)
FN:31,(anonymous_5)
FN:36,(anonymous_6)
FN:38,(anonymous_7)
FNF:8
FNH:6
FNDA:3,(anonymous_0)
FNDA:8,(anonymous_1)
FNDA:1,(anonymous_2)
FNDA:2,(anonymous_3)
FNDA:2,(anonymous_4)
FNDA:1,(anonymous_5)
FNDA:0,(anonymous_6)
FNDA:0,(anonymous_7)
DA:7,3
DA:8,3
DA:9,3
DA:10,3
DA:11,3
DA:12,3
DA:13,3
DA:14,8
DA:16,3
DA:19,3
DA:20,2
DA:23,3
DA:24,2
DA:25,2
DA:26,2
DA:27,2
DA:31,3
DA:32,1
DA:33,1
DA:37,0
DA:39,0
DA:40,0
DA:48,0
DA:49,0
DA:56,0
DA:57,0
LF:26
LH:19
BRDA:11,0,0,2
BRDA:11,0,1,1
BRDA:13,1,0,3
BRDA:13,1,1,0
BRDA:32,2,0,1
BRDA:32,2,1,0
BRF:6
BRH:4
end_of_record
TN:
SF:src/containers/Dashboard.js
FN:8,(anonymous_0)
FN:10,(anonymous_1)
FN:28,(anonymous_2)
FN:53,(anonymous_3)
FN:54,(anonymous_4)
FN:57,(anonymous_5)
FN:69,(anonymous_6)
FN:73,(anonymous_7)
FN:74,(anonymous_8)
FN:75,(anonymous_9)
FN:80,(anonymous_10)
FN:87,(anonymous_11)
FN:91,(anonymous_12)
FN:108,(anonymous_13)
FN:109,(anonymous_14)
FN:112,(anonymous_15)
FN:122,(anonymous_16)
FN:132,(anonymous_17)
FN:147,(anonymous_18)
FN:151,(anonymous_19)
FN:159,(anonymous_20)
FN:164,(anonymous_21)
FN:166,(anonymous_22)
FN:179,(anonymous_23)
FN:184,(anonymous_24)
FNF:25
FNH:16
FNDA:27,(anonymous_0)
FNDA:24,(anonymous_1)
FNDA:8,(anonymous_2)
FNDA:5,(anonymous_3)
FNDA:8,(anonymous_4)
FNDA:3,(anonymous_5)
FNDA:5,(anonymous_6)
FNDA:0,(anonymous_7)
FNDA:0,(anonymous_8)
FNDA:0,(anonymous_9)
FNDA:1,(anonymous_10)
FNDA:2,(anonymous_11)
FNDA:4,(anonymous_12)
FNDA:0,(anonymous_13)
FNDA:0,(anonymous_14)
FNDA:1,(anonymous_15)
FNDA:1,(anonymous_16)
FNDA:4,(anonymous_17)
FNDA:16,(anonymous_18)
FNDA:0,(anonymous_19)
FNDA:5,(anonymous_20)
FNDA:0,(anonymous_21)
FNDA:0,(anonymous_22)
FNDA:2,(anonymous_23)
FNDA:0,(anonymous_24)
DA:8,6
DA:9,27
DA:14,24
DA:15,24
DA:18,0
DA:19,0
DA:24,24
DA:28,6
DA:29,8
DA:30,8
DA:32,8
DA:35,8
DA:53,6
DA:54,8
DA:57,6
DA:58,3
DA:60,1
DA:62,1
DA:64,1
DA:70,5
DA:71,5
DA:72,5
DA:73,5
DA:74,5
DA:75,5
DA:76,5
DA:77,5
DA:80,5
DA:81,1
DA:82,1
DA:83,1
DA:84,1
DA:88,2
DA:89,2
DA:90,2
DA:91,1
DA:92,4
DA:94,1
DA:95,1
DA:96,1
DA:97,1
DA:99,1
DA:101,1
DA:104,1
DA:105,1
DA:107,2
DA:108,2
DA:109,2
DA:112,5
DA:113,1
DA:118,1
DA:119,1
DA:122,5
DA:123,1
DA:128,1
DA:129,1
DA:133,4
DA:134,4
DA:135,4
DA:136,3
DA:137,3
DA:139,3
DA:141,1
DA:142,1
DA:144,1
DA:147,4
DA:150,16
DA:151,0
DA:154,4
DA:159,5
DA:160,5
DA:161,0
DA:165,0
DA:166,0
DA:172,0
DA:179,5
DA:180,2
DA:181,0
DA:184,0
LF:79
LH:70
BRDA:9,0,0,6
BRDA:9,0,1,21
BRDA:9,1,0,27
BRDA:9,1,1,6
BRDA:14,2,0,24
BRDA:14,2,1,0
BRDA:20,3,0,0
BRDA:20,3,1,0
BRDA:30,4,0,0
BRDA:30,4,1,8
BRDA:32,5,0,0
BRDA:32,5,1,8
BRDA:54,6,0,4
BRDA:54,6,1,1
BRDA:54,7,0,5
BRDA:54,7,1,5
BRDA:58,8,0,1
BRDA:58,8,1,1
BRDA:58,8,2,1
BRDA:84,9,0,0
BRDA:84,9,1,1
BRDA:88,10,0,1
BRDA:88,10,1,1
BRDA:88,11,0,2
BRDA:88,11,1,1
BRDA:89,12,0,1
BRDA:89,12,1,1
BRDA:89,13,0,2
BRDA:89,13,1,1
BRDA:90,14,0,1
BRDA:90,14,1,1
BRDA:133,15,0,3
BRDA:133,15,1,1
BRDA:133,16,0,4
BRDA:133,16,1,3
BRDA:134,17,0,3
BRDA:134,17,1,1
BRDA:134,18,0,4
BRDA:134,18,1,3
BRDA:135,19,0,3
BRDA:135,19,1,1
BRDA:160,20,0,0
BRDA:160,20,1,5
BRDA:180,21,0,0
BRDA:180,21,1,2
BRF:45
BRH:37
end_of_record
TN:
SF:src/containers/Login.js
FN:6,(anonymous_0)
FN:17,(anonymous_1)
FN:28,(anonymous_2)
FN:30,(anonymous_3)
FN:39,(anonymous_4)
FN:50,(anonymous_5)
FN:52,(anonymous_6)
FN:61,(anonymous_7)
FN:67,(anonymous_8)
FN:76,(anonymous_9)
FN:88,(anonymous_10)
FNF:11
FNH:5
FNDA:2,(anonymous_0)
FNDA:2,(anonymous_1)
FNDA:0,(anonymous_2)
FNDA:2,(anonymous_3)
FNDA:2,(anonymous_4)
FNDA:0,(anonymous_5)
FNDA:2,(anonymous_6)
FNDA:0,(anonymous_7)
FNDA:0,(anonymous_8)
FNDA:0,(anonymous_9)
FNDA:0,(anonymous_10)
DA:2,2
DA:7,2
DA:8,2
DA:9,2
DA:10,2
DA:11,2
DA:12,2
DA:13,2
DA:14,2
DA:15,2
DA:17,2
DA:18,2
DA:19,2
DA:25,2
DA:26,2
DA:28,0
DA:31,2
DA:32,2
DA:33,2
DA:34,2
DA:39,2
DA:40,2
DA:41,2
DA:47,2
DA:48,2
DA:50,0
DA:53,2
DA:54,2
DA:55,2
DA:56,2
DA:61,2
DA:62,0
DA:63,0
DA:68,0
DA:71,0
DA:76,2
DA:77,0
DA:78,0
DA:89,0
DA:90,0
DA:93,0
LF:41
LH:30
BRDA:62,0,0,0
BRDA:62,0,1,0
BRDA:77,1,0,0
BRDA:77,1,1,0
BRF:4
BRH:0
end_of_record
TN:
SF:src/containers/Logout.js
FN:4,(anonymous_0)
FN:11,(anonymous_1)
FNF:2
FNH:2
FNDA:12,(anonymous_0)
FNDA:2,(anonymous_1)
DA:5,12
DA:6,12
DA:7,12
DA:8,12
DA:11,12
DA:12,2
DA:13,2
LF:7
LH:7
BRF:0
BRH:0
end_of_record
TN:
SF:src/containers/NewBill.js
FN:5,(anonymous_0)
FN:18,(anonymous_1)
FN:37,(anonymous_2)
FN:42,(anonymous_3)
FN:49,(anonymous_4)
FN:74,(anonymous_5)
FN:79,(anonymous_6)
FN:82,(anonymous_7)
FNF:8
FNH:4
FNDA:3,(anonymous_0)
FNDA:4,(anonymous_1)
FNDA:0,(anonymous_2)
FNDA:0,(anonymous_3)
FNDA:2,(anonymous_4)
FNDA:2,(anonymous_5)
FNDA:0,(anonymous_6)
FNDA:0,(anonymous_7)
DA:6,3
DA:7,3
DA:8,3
DA:9,3
DA:10,3
DA:11,3
DA:12,3
DA:13,3
DA:14,3
DA:15,3
DA:16,3
DA:18,3
DA:19,4
DA:20,4
DA:21,4
DA:22,4
DA:23,4
DA:24,0
DA:25,0
DA:26,0
DA:27,0
DA:29,0
DA:38,0
DA:39,0
DA:40,0
DA:41,0
DA:42,0
DA:44,4
DA:45,4
DA:46,4
DA:49,3
DA:50,2
DA:51,2
DA:52,2
DA:53,2
DA:66,2
DA:67,2
DA:68,2
DA:74,3
DA:75,2
DA:76,0
DA:80,0
DA:82,0
LF:43
LH:30
BRDA:23,0,0,0
BRDA:23,0,1,4
BRDA:60,1,0,2
BRDA:60,1,1,2
BRDA:66,2,0,2
BRDA:66,2,1,0
BRDA:75,3,0,0
BRDA:75,3,1,2
BRF:8
BRH:5
end_of_record
TN:
SF:src/views/Actions.js
FN:4,(anonymous_0)
FNF:1
FNH:1
FNDA:14,(anonymous_0)
DA:5,14
LF:1
LH:1
BRF:0
BRH:0
end_of_record
TN:
SF:src/views/BillsUI.js
FN:7,(anonymous_0)
FN:22,(anonymous_1)
FN:23,(anonymous_2)
FN:26,(anonymous_3)
FN:28,(anonymous_4)
FN:55,(anonymous_5)
FNF:6
FNH:6
FNDA:12,(anonymous_0)
FNDA:9,(anonymous_1)
FNDA:12,(anonymous_2)
FNDA:15,(anonymous_3)
FNDA:9,(anonymous_4)
FNDA:12,(anonymous_5)
DA:7,6
DA:8,12
DA:22,6
DA:23,12
DA:28,15
DA:48,15
DA:49,1
DA:50,14
DA:51,5
DA:54,9
DA:55,12
DA:59,9
LF:12
LH:12
BRDA:23,0,0,3
BRDA:23,0,1,6
BRDA:23,1,0,9
BRDA:23,1,1,5
BRDA:48,2,0,1
BRDA:48,2,1,14
BRDA:50,3,0,5
BRDA:50,3,1,9
BRDA:54,4,0,5
BRDA:54,4,1,4
BRF:10
BRH:10
end_of_record
TN:
SF:src/views/DashboardFormUI.js
FN:7,(anonymous_0)
FN:24,(anonymous_1)
FNF:2
FNH:2
FNDA:8,(anonymous_0)
FNDA:8,(anonymous_1)
DA:7,8
DA:26,8
LF:2
LH:2
BRDA:79,0,0,5
BRDA:79,0,1,3
BRDA:92,1,0,5
BRDA:92,1,1,3
BRF:4
BRH:4
end_of_record
TN:
SF:src/views/DashboardUI.js
FN:8,(anonymous_0)
FNF:1
FNH:1
FNDA:11,(anonymous_0)
DA:10,11
DA:11,1
DA:12,10
DA:13,3
DA:16,7
LF:5
LH:5
BRDA:10,0,0,1
BRDA:10,0,1,10
BRDA:12,1,0,3
BRDA:12,1,1,7
BRDA:22,2,0,7
BRDA:22,2,1,2
BRDA:29,3,0,7
BRDA:29,3,1,2
BRDA:36,4,0,7
BRDA:36,4,1,2
BRF:10
BRH:10
end_of_record
TN:
SF:src/views/ErrorPage.js
FN:3,(anonymous_0)
FNF:1
FNH:1
FNDA:10,(anonymous_0)
DA:4,10
LF:1
LH:1
BRDA:12,0,0,9
BRDA:12,0,1,1
BRF:2
BRH:2
end_of_record
TN:
SF:src/views/LoadingPage.js
FN:3,(anonymous_0)
FNF:1
FNH:1
FNDA:3,(anonymous_0)
DA:5,3
LF:1
LH:1
BRF:0
BRH:0
end_of_record
TN:
SF:src/views/LoginUI.js
FN:2,(anonymous_0)
FNF:1
FNH:1
FNDA:11,(anonymous_0)
DA:4,11
LF:1
LH:1
BRF:0
BRH:0
end_of_record
TN:
SF:src/views/NewBillUI.js
FN:3,(anonymous_0)
FNF:1
FNH:1
FNDA:6,(anonymous_0)
DA:5,6
LF:1
LH:1
BRF:0
BRH:0
end_of_record
TN:
SF:src/views/VerticalLayout.js
FN:5,(anonymous_0)
FNF:1
FNH:1
FNDA:36,(anonymous_0)
DA:7,36
DA:8,36
DA:9,24
DA:11,36
DA:12,18
DA:29,18
LF:6
LH:6
BRDA:8,0,0,24
BRDA:8,0,1,12
BRDA:11,1,0,18
BRDA:11,1,1,18
BRDA:11,2,0,36
BRDA:11,2,1,24
BRF:6
BRH:6
end_of_record
